0 info it worked if it ends with ok
1 verbose cli [ 'node',
1 verbose cli   '/usr/local/bin/npm',
1 verbose cli   'install',
1 verbose cli   'karma-jasmine',
1 verbose cli   'karma-chrome-launcher',
1 verbose cli   'karma-phantomjs-lanuncher',
1 verbose cli   '--save-dev' ]
2 info using npm@1.4.28
3 info using node@v0.10.36
4 warn package.json BlackJack@1.0.0 No repository field.
5 warn package.json BlackJack@1.0.0 No README data
6 verbose readDependencies using package.json deps
7 verbose cache add [ 'karma-jasmine', null ]
8 verbose cache add name=undefined spec="karma-jasmine" args=["karma-jasmine",null]
9 verbose parsed url { protocol: null,
9 verbose parsed url   slashes: null,
9 verbose parsed url   auth: null,
9 verbose parsed url   host: null,
9 verbose parsed url   port: null,
9 verbose parsed url   hostname: null,
9 verbose parsed url   hash: null,
9 verbose parsed url   search: null,
9 verbose parsed url   query: null,
9 verbose parsed url   pathname: 'karma-jasmine',
9 verbose parsed url   path: 'karma-jasmine',
9 verbose parsed url   href: 'karma-jasmine' }
10 verbose cache add [ 'karma-chrome-launcher', null ]
11 verbose cache add name=undefined spec="karma-chrome-launcher" args=["karma-chrome-launcher",null]
12 verbose parsed url { protocol: null,
12 verbose parsed url   slashes: null,
12 verbose parsed url   auth: null,
12 verbose parsed url   host: null,
12 verbose parsed url   port: null,
12 verbose parsed url   hostname: null,
12 verbose parsed url   hash: null,
12 verbose parsed url   search: null,
12 verbose parsed url   query: null,
12 verbose parsed url   pathname: 'karma-chrome-launcher',
12 verbose parsed url   path: 'karma-chrome-launcher',
12 verbose parsed url   href: 'karma-chrome-launcher' }
13 verbose cache add [ 'karma-phantomjs-lanuncher', null ]
14 verbose cache add name=undefined spec="karma-phantomjs-lanuncher" args=["karma-phantomjs-lanuncher",null]
15 verbose parsed url { protocol: null,
15 verbose parsed url   slashes: null,
15 verbose parsed url   auth: null,
15 verbose parsed url   host: null,
15 verbose parsed url   port: null,
15 verbose parsed url   hostname: null,
15 verbose parsed url   hash: null,
15 verbose parsed url   search: null,
15 verbose parsed url   query: null,
15 verbose parsed url   pathname: 'karma-phantomjs-lanuncher',
15 verbose parsed url   path: 'karma-phantomjs-lanuncher',
15 verbose parsed url   href: 'karma-phantomjs-lanuncher' }
16 silly lockFile df56d5e8-karma-jasmine karma-jasmine
17 verbose lock karma-jasmine /Users/marcinwalendzik/.npm/df56d5e8-karma-jasmine.lock
18 silly lockFile 4f6bc915-karma-chrome-launcher karma-chrome-launcher
19 verbose lock karma-chrome-launcher /Users/marcinwalendzik/.npm/4f6bc915-karma-chrome-launcher.lock
20 silly lockFile 804a65ba-karma-phantomjs-lanuncher karma-phantomjs-lanuncher
21 verbose lock karma-phantomjs-lanuncher /Users/marcinwalendzik/.npm/804a65ba-karma-phantomjs-lanuncher.lock
22 silly lockFile df56d5e8-karma-jasmine karma-jasmine
23 silly lockFile df56d5e8-karma-jasmine karma-jasmine
24 silly lockFile 4f6bc915-karma-chrome-launcher karma-chrome-launcher
25 silly lockFile 4f6bc915-karma-chrome-launcher karma-chrome-launcher
26 silly lockFile 804a65ba-karma-phantomjs-lanuncher karma-phantomjs-lanuncher
27 silly lockFile 804a65ba-karma-phantomjs-lanuncher karma-phantomjs-lanuncher
28 verbose addNamed [ 'karma-jasmine', '' ]
29 verbose addNamed [ null, '*' ]
30 silly lockFile a9316641-karma-jasmine karma-jasmine@
31 verbose lock karma-jasmine@ /Users/marcinwalendzik/.npm/a9316641-karma-jasmine.lock
32 verbose addNamed [ 'karma-chrome-launcher', '' ]
33 verbose addNamed [ null, '*' ]
34 silly lockFile cd66acf6-karma-chrome-launcher karma-chrome-launcher@
35 verbose lock karma-chrome-launcher@ /Users/marcinwalendzik/.npm/cd66acf6-karma-chrome-launcher.lock
36 verbose addNamed [ 'karma-phantomjs-lanuncher', '' ]
37 verbose addNamed [ null, '*' ]
38 silly lockFile 042f9f0a-karma-phantomjs-lanuncher karma-phantomjs-lanuncher@
39 verbose lock karma-phantomjs-lanuncher@ /Users/marcinwalendzik/.npm/042f9f0a-karma-phantomjs-lanuncher.lock
40 silly addNameRange { name: 'karma-jasmine', range: '*', hasData: false }
41 silly addNameRange { name: 'karma-chrome-launcher', range: '*', hasData: false }
42 silly addNameRange { name: 'karma-phantomjs-lanuncher', range: '*', hasData: false }
43 verbose request where is /karma-phantomjs-lanuncher
44 verbose request registry http://registry.npmjs.org/
45 verbose request id a27d30a723c98a31
46 verbose url raw /karma-phantomjs-lanuncher
47 verbose url resolving [ 'http://registry.npmjs.org/', './karma-phantomjs-lanuncher' ]
48 verbose url resolved http://registry.npmjs.org/karma-phantomjs-lanuncher
49 verbose request where is http://registry.npmjs.org/karma-phantomjs-lanuncher
50 info trying registry request attempt 1 at 21:34:10
51 http GET http://registry.npmjs.org/karma-phantomjs-lanuncher
52 verbose request where is /karma-chrome-launcher
53 verbose request registry http://registry.npmjs.org/
54 verbose url raw /karma-chrome-launcher
55 verbose url resolving [ 'http://registry.npmjs.org/', './karma-chrome-launcher' ]
56 verbose url resolved http://registry.npmjs.org/karma-chrome-launcher
57 verbose request where is http://registry.npmjs.org/karma-chrome-launcher
58 info trying registry request attempt 1 at 21:34:10
59 verbose etag "7I6D66RLSE9NSP4ZEV9Z4FS85"
60 http GET http://registry.npmjs.org/karma-chrome-launcher
61 verbose request where is /karma-jasmine
62 verbose request registry http://registry.npmjs.org/
63 verbose url raw /karma-jasmine
64 verbose url resolving [ 'http://registry.npmjs.org/', './karma-jasmine' ]
65 verbose url resolved http://registry.npmjs.org/karma-jasmine
66 verbose request where is http://registry.npmjs.org/karma-jasmine
67 info trying registry request attempt 1 at 21:34:10
68 verbose etag "53I5UN1ZL9QI2KNSWL3HM2NRC"
69 http GET http://registry.npmjs.org/karma-jasmine
70 http 200 http://registry.npmjs.org/karma-chrome-launcher
71 silly registry.get cb [ 200,
71 silly registry.get   { server: 'CouchDB/1.5.0 (Erlang OTP/R16B03)',
71 silly registry.get     etag: '"8CBQT45FV6VI50QASJA32NIH0"',
71 silly registry.get     'content-type': 'application/json',
71 silly registry.get     'cache-control': 'max-age=60',
71 silly registry.get     'content-length': '18270',
71 silly registry.get     'accept-ranges': 'bytes',
71 silly registry.get     date: 'Thu, 16 Apr 2015 20:34:10 GMT',
71 silly registry.get     via: '1.1 varnish',
71 silly registry.get     age: '19',
71 silly registry.get     connection: 'keep-alive',
71 silly registry.get     'x-served-by': 'cache-lcy1121-LCY',
71 silly registry.get     'x-cache': 'HIT',
71 silly registry.get     'x-cache-hits': '1',
71 silly registry.get     'x-timer': 'S1429216450.503247,VS0,VE0',
71 silly registry.get     vary: 'Accept' } ]
72 silly addNameRange number 2 { name: 'karma-chrome-launcher', range: '*', hasData: true }
73 silly addNameRange versions [ 'karma-chrome-launcher',
73 silly addNameRange   [ '0.0.1',
73 silly addNameRange     '0.0.2',
73 silly addNameRange     '0.1.0',
73 silly addNameRange     '0.1.1',
73 silly addNameRange     '0.1.2',
73 silly addNameRange     '0.1.3',
73 silly addNameRange     '0.1.4',
73 silly addNameRange     '0.1.5',
73 silly addNameRange     '0.1.6',
73 silly addNameRange     '0.1.7',
73 silly addNameRange     '0.1.8' ] ]
74 verbose addNamed [ 'karma-chrome-launcher', '0.1.8' ]
75 verbose addNamed [ '0.1.8', '0.1.8' ]
76 silly lockFile 48c7567a-karma-chrome-launcher-0-1-8 karma-chrome-launcher@0.1.8
77 verbose lock karma-chrome-launcher@0.1.8 /Users/marcinwalendzik/.npm/48c7567a-karma-chrome-launcher-0-1-8.lock
78 silly lockFile 1cd5e967--karma-chrome-launcher-0-1-8-tgz http://registry.npmjs.org/karma-chrome-launcher/-/karma-chrome-launcher-0.1.8.tgz
79 verbose lock http://registry.npmjs.org/karma-chrome-launcher/-/karma-chrome-launcher-0.1.8.tgz /Users/marcinwalendzik/.npm/1cd5e967--karma-chrome-launcher-0-1-8-tgz.lock
80 verbose addRemoteTarball [ 'http://registry.npmjs.org/karma-chrome-launcher/-/karma-chrome-launcher-0.1.8.tgz',
80 verbose addRemoteTarball   '5ba43f821f64f531e4ff1e7d86caf95df9ac9142' ]
81 info retry fetch attempt 1 at 21:34:10
82 verbose fetch to= /var/folders/90/0g4v30_17b31dyz82prjg9hc0000gn/T/npm-17024-Czs4wWqL/registry.npmjs.org/karma-chrome-launcher/-/karma-chrome-launcher-0.1.8.tgz
83 http GET http://registry.npmjs.org/karma-chrome-launcher/-/karma-chrome-launcher-0.1.8.tgz
84 http 200 http://registry.npmjs.org/karma-jasmine
85 silly registry.get cb [ 200,
85 silly registry.get   { server: 'CouchDB/1.5.0 (Erlang OTP/R16B03)',
85 silly registry.get     etag: '"VORR8LHWJK4QEZWHEI16MFVJ"',
85 silly registry.get     'content-type': 'application/json',
85 silly registry.get     'cache-control': 'max-age=60',
85 silly registry.get     'content-length': '31890',
85 silly registry.get     'accept-ranges': 'bytes',
85 silly registry.get     date: 'Thu, 16 Apr 2015 20:34:10 GMT',
85 silly registry.get     via: '1.1 varnish',
85 silly registry.get     age: '17',
85 silly registry.get     connection: 'keep-alive',
85 silly registry.get     'x-served-by': 'cache-lcy1132-LCY',
85 silly registry.get     'x-cache': 'HIT',
85 silly registry.get     'x-cache-hits': '1',
85 silly registry.get     'x-timer': 'S1429216450.519250,VS0,VE0',
85 silly registry.get     vary: 'Accept' } ]
86 silly addNameRange number 2 { name: 'karma-jasmine', range: '*', hasData: true }
87 silly addNameRange versions [ 'karma-jasmine',
87 silly addNameRange   [ '0.0.1',
87 silly addNameRange     '0.0.2',
87 silly addNameRange     '0.0.3',
87 silly addNameRange     '0.1.0',
87 silly addNameRange     '0.1.1',
87 silly addNameRange     '0.1.2',
87 silly addNameRange     '0.1.3',
87 silly addNameRange     '0.1.4',
87 silly addNameRange     '0.1.5',
87 silly addNameRange     '0.2.0',
87 silly addNameRange     '0.2.1',
87 silly addNameRange     '0.2.2',
87 silly addNameRange     '0.2.3',
87 silly addNameRange     '0.3.0',
87 silly addNameRange     '0.3.1',
87 silly addNameRange     '0.3.2',
87 silly addNameRange     '0.3.3',
87 silly addNameRange     '0.3.4',
87 silly addNameRange     '0.3.5' ] ]
88 verbose addNamed [ 'karma-jasmine', '0.3.5' ]
89 verbose addNamed [ '0.3.5', '0.3.5' ]
90 silly lockFile b510234b-karma-jasmine-0-3-5 karma-jasmine@0.3.5
91 verbose lock karma-jasmine@0.3.5 /Users/marcinwalendzik/.npm/b510234b-karma-jasmine-0-3-5.lock
92 silly lockFile b510234b-karma-jasmine-0-3-5 karma-jasmine@0.3.5
93 silly lockFile b510234b-karma-jasmine-0-3-5 karma-jasmine@0.3.5
94 silly lockFile a9316641-karma-jasmine karma-jasmine@
95 silly lockFile a9316641-karma-jasmine karma-jasmine@
96 http 404 http://registry.npmjs.org/karma-phantomjs-lanuncher
97 verbose headers { server: 'CouchDB/1.5.0 (Erlang OTP/R16B03)',
97 verbose headers   'content-type': 'application/json',
97 verbose headers   'cache-control': 'max-age=0',
97 verbose headers   'content-length': '51',
97 verbose headers   'accept-ranges': 'bytes',
97 verbose headers   date: 'Thu, 16 Apr 2015 20:34:10 GMT',
97 verbose headers   via: '1.1 varnish',
97 verbose headers   age: '0',
97 verbose headers   connection: 'keep-alive',
97 verbose headers   'x-served-by': 'cache-lcy1132-LCY',
97 verbose headers   'x-cache': 'MISS',
97 verbose headers   'x-cache-hits': '0',
97 verbose headers   'x-timer': 'S1429216450.475217,VS0,VE90' }
98 silly registry.get cb [ 404,
98 silly registry.get   { server: 'CouchDB/1.5.0 (Erlang OTP/R16B03)',
98 silly registry.get     'content-type': 'application/json',
98 silly registry.get     'cache-control': 'max-age=0',
98 silly registry.get     'content-length': '51',
98 silly registry.get     'accept-ranges': 'bytes',
98 silly registry.get     date: 'Thu, 16 Apr 2015 20:34:10 GMT',
98 silly registry.get     via: '1.1 varnish',
98 silly registry.get     age: '0',
98 silly registry.get     connection: 'keep-alive',
98 silly registry.get     'x-served-by': 'cache-lcy1132-LCY',
98 silly registry.get     'x-cache': 'MISS',
98 silly registry.get     'x-cache-hits': '0',
98 silly registry.get     'x-timer': 'S1429216450.475217,VS0,VE90' } ]
99 silly lockFile 042f9f0a-karma-phantomjs-lanuncher karma-phantomjs-lanuncher@
100 silly lockFile 042f9f0a-karma-phantomjs-lanuncher karma-phantomjs-lanuncher@
101 http 200 http://registry.npmjs.org/karma-chrome-launcher/-/karma-chrome-launcher-0.1.8.tgz
102 silly lockFile 1cd5e967--karma-chrome-launcher-0-1-8-tgz http://registry.npmjs.org/karma-chrome-launcher/-/karma-chrome-launcher-0.1.8.tgz
103 silly lockFile 1cd5e967--karma-chrome-launcher-0-1-8-tgz http://registry.npmjs.org/karma-chrome-launcher/-/karma-chrome-launcher-0.1.8.tgz
104 silly lockFile 48c7567a-karma-chrome-launcher-0-1-8 karma-chrome-launcher@0.1.8
105 silly lockFile 48c7567a-karma-chrome-launcher-0-1-8 karma-chrome-launcher@0.1.8
106 silly lockFile cd66acf6-karma-chrome-launcher karma-chrome-launcher@
107 silly lockFile cd66acf6-karma-chrome-launcher karma-chrome-launcher@
108 error 404 404 Not Found: karma-phantomjs-lanuncher
108 error 404
108 error 404 'karma-phantomjs-lanuncher' is not in the npm registry.
108 error 404 You should bug the author to publish it
108 error 404 It was specified as a dependency of 'BlackJack'
108 error 404
108 error 404 Note that you can also install from a
108 error 404 tarball, folder, or http url, or git url.
109 error System Darwin 14.3.0
110 error command "node" "/usr/local/bin/npm" "install" "karma-jasmine" "karma-chrome-launcher" "karma-phantomjs-lanuncher" "--save-dev"
111 error cwd /Users/marcinwalendzik/dev/jobs/SeedJobs
112 error node -v v0.10.36
113 error npm -v 1.4.28
114 error code E404
115 verbose exit [ 1, true ]
